26/07/25 18:36:49 - DEBUG - urllib3.connectionpool - [_new_conn]: Starting new HTTPS connection (1): raw.githubusercontent.com:443
26/07/25 18:36:49 - DEBUG - urllib3.connectionpool - [_make_request]: https://raw.githubusercontent.com:443 "GET /rdavydov/Twitch-Channel-Points-Miner-v2/master/TwitchChannelPointsMiner/__init__.py HTTP/1.1" 200 125
26/07/25 18:36:49 - INFO - TwitchChannelPointsMiner.TwitchChannelPointsMiner - [__init__]: Twitch Channel Points Miner v2-2.0.0 (fork by rdavydov)
26/07/25 18:36:49 - INFO - TwitchChannelPointsMiner.TwitchChannelPointsMiner - [__init__]: https://github.com/rdavydov/Twitch-Channel-Points-Miner-v2
26/07/25 18:36:49 - INFO - TwitchChannelPointsMiner.TwitchChannelPointsMiner - [run]: Start session: '0bf891bf-43c8-4f16-803d-aaf31de243d6'
26/07/25 18:36:49 - INFO - TwitchChannelPointsMiner.classes.TwitchLogin - [login_flow]: You'll have to login to Twitch!
26/07/25 18:36:49 - INFO - TwitchChannelPointsMiner.classes.TwitchLogin - [login_flow]: Trying the TV login method..
26/07/25 18:36:49 - DEBUG - urllib3.connectionpool - [_new_conn]: Starting new HTTPS connection (1): id.twitch.tv:443
26/07/25 18:36:50 - DEBUG - urllib3.connectionpool - [_make_request]: https://id.twitch.tv:443 "POST /oauth2/device HTTP/1.1" 200 164
26/07/25 18:36:50 - INFO - TwitchChannelPointsMiner.classes.TwitchLogin - [login_flow]: Open https://www.twitch.tv/activate
26/07/25 18:36:50 - INFO - TwitchChannelPointsMiner.classes.TwitchLogin - [login_flow]: and enter this code: YBYRXLKX
26/07/25 18:36:50 - INFO - TwitchChannelPointsMiner.classes.TwitchLogin - [login_flow]: Hurry up! It will expire in 30 minutes!
26/07/25 18:36:55 - DEBUG - urllib3.connectionpool - [_make_request]: https://id.twitch.tv:443 "POST /oauth2/token HTTP/1.1" 400 49
26/07/25 18:37:00 - DEBUG - urllib3.connectionpool - [_make_request]: https://id.twitch.tv:443 "POST /oauth2/token HTTP/1.1" 400 49
26/07/25 18:37:05 - DEBUG - urllib3.connectionpool - [_make_request]: https://id.twitch.tv:443 "POST /oauth2/token HTTP/1.1" 400 49
26/07/25 18:37:11 - DEBUG - urllib3.connectionpool - [_make_request]: https://id.twitch.tv:443 "POST /oauth2/token HTTP/1.1" 400 49
26/07/25 18:37:16 - DEBUG - urllib3.connectionpool - [_make_request]: https://id.twitch.tv:443 "POST /oauth2/token HTTP/1.1" 400 49
26/07/25 18:37:21 - DEBUG - urllib3.connectionpool - [_make_request]: https://id.twitch.tv:443 "POST /oauth2/token HTTP/1.1" 400 49
26/07/25 18:37:26 - DEBUG - urllib3.connectionpool - [_make_request]: https://id.twitch.tv:443 "POST /oauth2/token HTTP/1.1" 400 49
26/07/25 18:37:31 - DEBUG - urllib3.connectionpool - [_make_request]: https://id.twitch.tv:443 "POST /oauth2/token HTTP/1.1" 400 49
26/07/25 18:37:36 - DEBUG - urllib3.connectionpool - [_make_request]: https://id.twitch.tv:443 "POST /oauth2/token HTTP/1.1" 400 49
26/07/25 18:37:42 - DEBUG - urllib3.connectionpool - [_make_request]: https://id.twitch.tv:443 "POST /oauth2/token HTTP/1.1" 400 49
26/07/25 18:37:47 - DEBUG - urllib3.connectionpool - [_make_request]: https://id.twitch.tv:443 "POST /oauth2/token HTTP/1.1" 200 248
26/07/25 18:37:47 - DEBUG - urllib3.connectionpool - [_new_conn]: Starting new HTTPS connection (1): gql.twitch.tv:443
26/07/25 18:37:47 - DEBUG - urllib3.connectionpool - [_make_request]: https://gql.twitch.tv:443 "POST /gql HTTP/1.1" 200 205
26/07/25 18:37:47 - INFO - TwitchChannelPointsMiner.classes.TwitchLogin - [save_cookies]: Saving cookies to your computer..
26/07/25 18:37:47 - INFO - TwitchChannelPointsMiner.TwitchChannelPointsMiner - [run]: Loading data for 11 streamers. Please wait...
26/07/25 18:37:48 - DEBUG - urllib3.connectionpool - [_new_conn]: Starting new HTTPS connection (1): www.twitch.tv:443
26/07/25 18:37:48 - DEBUG - urllib3.connectionpool - [_make_request]: https://www.twitch.tv:443 "GET / HTTP/1.1" 200 None
26/07/25 18:37:48 - DEBUG - TwitchChannelPointsMiner.classes.Twitch - [update_client_version]: Client version: b0fce3a1-8fe7-42d1-92f3-54b235e1772f
26/07/25 18:37:48 - DEBUG - urllib3.connectionpool - [_new_conn]: Starting new HTTPS connection (1): gql.twitch.tv:443
26/07/25 18:37:48 - DEBUG - urllib3.connectionpool - [_make_request]: https://gql.twitch.tv:443 "POST /gql HTTP/1.1" 200 199
26/07/25 18:37:48 - DEBUG - TwitchChannelPointsMiner.classes.Twitch - [post_gql_request]: Data: {'operationName': 'ReportMenuItem', 'extensions': {'persistedQuery': {'version': 1, 'sha256Hash': '8f3628981255345ca5e5453dfd844efffb01d6413a9931498836e6268692a30c'}}, 'variables': {'channelLogin': 'streamer-username01'}}, Status code: 200, Content: {"data":{"requestInfo":{"countryCode":"PL","__typename":"RequestInfo"},"user":null},"extensions":{"durationMilliseconds":26,"operationName":"ReportMenuItem","requestID":"01K13SJ32GRJEF2NZK500Z16HJ"}}
26/07/25 18:37:48 - INFO - TwitchChannelPointsMiner.TwitchChannelPointsMiner - [run]: Streamer streamer-username01 does not exist
26/07/25 18:37:49 - DEBUG - urllib3.connectionpool - [_new_conn]: Starting new HTTPS connection (1): www.twitch.tv:443
26/07/25 18:37:49 - DEBUG - urllib3.connectionpool - [_make_request]: https://www.twitch.tv:443 "GET / HTTP/1.1" 200 None
26/07/25 18:37:49 - DEBUG - TwitchChannelPointsMiner.classes.Twitch - [update_client_version]: Client version: b0fce3a1-8fe7-42d1-92f3-54b235e1772f
26/07/25 18:37:49 - DEBUG - urllib3.connectionpool - [_new_conn]: Starting new HTTPS connection (1): gql.twitch.tv:443
26/07/25 18:37:49 - DEBUG - urllib3.connectionpool - [_make_request]: https://gql.twitch.tv:443 "POST /gql HTTP/1.1" 200 199
26/07/25 18:37:49 - DEBUG - TwitchChannelPointsMiner.classes.Twitch - [post_gql_request]: Data: {'operationName': 'ReportMenuItem', 'extensions': {'persistedQuery': {'version': 1, 'sha256Hash': '8f3628981255345ca5e5453dfd844efffb01d6413a9931498836e6268692a30c'}}, 'variables': {'channelLogin': 'streamer-username02'}}, Status code: 200, Content: {"data":{"requestInfo":{"countryCode":"PL","__typename":"RequestInfo"},"user":null},"extensions":{"durationMilliseconds":23,"operationName":"ReportMenuItem","requestID":"01K13SJ3VHVWCBHRM2RHHABW1N"}}
26/07/25 18:37:49 - INFO - TwitchChannelPointsMiner.TwitchChannelPointsMiner - [run]: Streamer streamer-username02 does not exist
26/07/25 18:37:49 - DEBUG - urllib3.connectionpool - [_new_conn]: Starting new HTTPS connection (1): www.twitch.tv:443
26/07/25 18:37:49 - DEBUG - urllib3.connectionpool - [_make_request]: https://www.twitch.tv:443 "GET / HTTP/1.1" 200 None
26/07/25 18:37:49 - DEBUG - TwitchChannelPointsMiner.classes.Twitch - [update_client_version]: Client version: b0fce3a1-8fe7-42d1-92f3-54b235e1772f
26/07/25 18:37:49 - DEBUG - urllib3.connectionpool - [_new_conn]: Starting new HTTPS connection (1): gql.twitch.tv:443
26/07/25 18:37:50 - DEBUG - urllib3.connectionpool - [_make_request]: https://gql.twitch.tv:443 "POST /gql HTTP/1.1" 200 199
26/07/25 18:37:50 - DEBUG - TwitchChannelPointsMiner.classes.Twitch - [post_gql_request]: Data: {'operationName': 'ReportMenuItem', 'extensions': {'persistedQuery': {'version': 1, 'sha256Hash': '8f3628981255345ca5e5453dfd844efffb01d6413a9931498836e6268692a30c'}}, 'variables': {'channelLogin': 'streamer-username03'}}, Status code: 200, Content: {"data":{"requestInfo":{"countryCode":"PL","__typename":"RequestInfo"},"user":null},"extensions":{"durationMilliseconds":22,"operationName":"ReportMenuItem","requestID":"01K13SJ4J4RJGPYXPJP51QF2ZZ"}}
26/07/25 18:37:50 - INFO - TwitchChannelPointsMiner.TwitchChannelPointsMiner - [run]: Streamer streamer-username03 does not exist
26/07/25 18:37:50 - DEBUG - urllib3.connectionpool - [_new_conn]: Starting new HTTPS connection (1): www.twitch.tv:443
26/07/25 18:37:50 - DEBUG - urllib3.connectionpool - [_make_request]: https://www.twitch.tv:443 "GET / HTTP/1.1" 200 None
26/07/25 18:37:50 - DEBUG - TwitchChannelPointsMiner.classes.Twitch - [update_client_version]: Client version: b0fce3a1-8fe7-42d1-92f3-54b235e1772f
26/07/25 18:37:50 - DEBUG - urllib3.connectionpool - [_new_conn]: Starting new HTTPS connection (1): gql.twitch.tv:443
26/07/25 18:37:51 - DEBUG - urllib3.connectionpool - [_make_request]: https://gql.twitch.tv:443 "POST /gql HTTP/1.1" 200 199
26/07/25 18:37:51 - DEBUG - TwitchChannelPointsMiner.classes.Twitch - [post_gql_request]: Data: {'operationName': 'ReportMenuItem', 'extensions': {'persistedQuery': {'version': 1, 'sha256Hash': '8f3628981255345ca5e5453dfd844efffb01d6413a9931498836e6268692a30c'}}, 'variables': {'channelLogin': 'streamer-username04'}}, Status code: 200, Content: {"data":{"requestInfo":{"countryCode":"PL","__typename":"RequestInfo"},"user":null},"extensions":{"durationMilliseconds":21,"operationName":"ReportMenuItem","requestID":"01K13SJ5HFNZKN54HM6M99A3K7"}}
26/07/25 18:37:51 - INFO - TwitchChannelPointsMiner.TwitchChannelPointsMiner - [run]: Streamer streamer-username04 does not exist
26/07/25 18:37:51 - DEBUG - urllib3.connectionpool - [_new_conn]: Starting new HTTPS connection (1): www.twitch.tv:443
26/07/25 18:37:51 - DEBUG - urllib3.connectionpool - [_make_request]: https://www.twitch.tv:443 "GET / HTTP/1.1" 200 None
26/07/25 18:37:51 - DEBUG - TwitchChannelPointsMiner.classes.Twitch - [update_client_version]: Client version: b0fce3a1-8fe7-42d1-92f3-54b235e1772f
26/07/25 18:37:51 - DEBUG - urllib3.connectionpool - [_new_conn]: Starting new HTTPS connection (1): gql.twitch.tv:443
26/07/25 18:37:51 - DEBUG - urllib3.connectionpool - [_make_request]: https://gql.twitch.tv:443 "POST /gql HTTP/1.1" 200 199
26/07/25 18:37:51 - DEBUG - TwitchChannelPointsMiner.classes.Twitch - [post_gql_request]: Data: {'operationName': 'ReportMenuItem', 'extensions': {'persistedQuery': {'version': 1, 'sha256Hash': '8f3628981255345ca5e5453dfd844efffb01d6413a9931498836e6268692a30c'}}, 'variables': {'channelLogin': 'streamer-username05'}}, Status code: 200, Content: {"data":{"requestInfo":{"countryCode":"PL","__typename":"RequestInfo"},"user":null},"extensions":{"durationMilliseconds":23,"operationName":"ReportMenuItem","requestID":"01K13SJ67C4CDJHPMNK70DF7CP"}}
26/07/25 18:37:51 - INFO - TwitchChannelPointsMiner.TwitchChannelPointsMiner - [run]: Streamer streamer-username05 does not exist
26/07/25 18:37:52 - DEBUG - urllib3.connectionpool - [_new_conn]: Starting new HTTPS connection (1): www.twitch.tv:443
26/07/25 18:37:52 - DEBUG - urllib3.connectionpool - [_make_request]: https://www.twitch.tv:443 "GET / HTTP/1.1" 200 None
26/07/25 18:37:52 - DEBUG - TwitchChannelPointsMiner.classes.Twitch - [update_client_version]: Client version: b0fce3a1-8fe7-42d1-92f3-54b235e1772f
26/07/25 18:37:52 - DEBUG - urllib3.connectionpool - [_new_conn]: Starting new HTTPS connection (1): gql.twitch.tv:443
26/07/25 18:37:52 - DEBUG - urllib3.connectionpool - [_make_request]: https://gql.twitch.tv:443 "POST /gql HTTP/1.1" 200 199
26/07/25 18:37:52 - DEBUG - TwitchChannelPointsMiner.classes.Twitch - [post_gql_request]: Data: {'operationName': 'ReportMenuItem', 'extensions': {'persistedQuery': {'version': 1, 'sha256Hash': '8f3628981255345ca5e5453dfd844efffb01d6413a9931498836e6268692a30c'}}, 'variables': {'channelLogin': 'streamer-username06'}}, Status code: 200, Content: {"data":{"requestInfo":{"countryCode":"PL","__typename":"RequestInfo"},"user":null},"extensions":{"durationMilliseconds":23,"operationName":"ReportMenuItem","requestID":"01K13SJ6XR3HSDP4P4GWC9ZTAA"}}
26/07/25 18:37:52 - INFO - TwitchChannelPointsMiner.TwitchChannelPointsMiner - [run]: Streamer streamer-username06 does not exist
26/07/25 18:37:52 - DEBUG - urllib3.connectionpool - [_new_conn]: Starting new HTTPS connection (1): www.twitch.tv:443
26/07/25 18:37:53 - DEBUG - urllib3.connectionpool - [_make_request]: https://www.twitch.tv:443 "GET / HTTP/1.1" 200 None
26/07/25 18:37:53 - DEBUG - TwitchChannelPointsMiner.classes.Twitch - [update_client_version]: Client version: b0fce3a1-8fe7-42d1-92f3-54b235e1772f
26/07/25 18:37:53 - DEBUG - urllib3.connectionpool - [_new_conn]: Starting new HTTPS connection (1): gql.twitch.tv:443
26/07/25 18:37:53 - DEBUG - urllib3.connectionpool - [_make_request]: https://gql.twitch.tv:443 "POST /gql HTTP/1.1" 200 199
26/07/25 18:37:53 - DEBUG - TwitchChannelPointsMiner.classes.Twitch - [post_gql_request]: Data: {'operationName': 'ReportMenuItem', 'extensions': {'persistedQuery': {'version': 1, 'sha256Hash': '8f3628981255345ca5e5453dfd844efffb01d6413a9931498836e6268692a30c'}}, 'variables': {'channelLogin': 'streamer-username07'}}, Status code: 200, Content: {"data":{"requestInfo":{"countryCode":"PL","__typename":"RequestInfo"},"user":null},"extensions":{"durationMilliseconds":22,"operationName":"ReportMenuItem","requestID":"01K13SJ7KKGP6JEZPC8PYCCNN2"}}
26/07/25 18:37:53 - INFO - TwitchChannelPointsMiner.TwitchChannelPointsMiner - [run]: Streamer streamer-username07 does not exist
26/07/25 18:37:53 - DEBUG - urllib3.connectionpool - [_new_conn]: Starting new HTTPS connection (1): www.twitch.tv:443
26/07/25 18:37:54 - DEBUG - urllib3.connectionpool - [_make_request]: https://www.twitch.tv:443 "GET / HTTP/1.1" 200 None
26/07/25 18:37:54 - DEBUG - TwitchChannelPointsMiner.classes.Twitch - [update_client_version]: Client version: b0fce3a1-8fe7-42d1-92f3-54b235e1772f
26/07/25 18:37:54 - DEBUG - urllib3.connectionpool - [_new_conn]: Starting new HTTPS connection (1): gql.twitch.tv:443
26/07/25 18:37:54 - DEBUG - urllib3.connectionpool - [_make_request]: https://gql.twitch.tv:443 "POST /gql HTTP/1.1" 200 199
26/07/25 18:37:54 - DEBUG - TwitchChannelPointsMiner.classes.Twitch - [post_gql_request]: Data: {'operationName': 'ReportMenuItem', 'extensions': {'persistedQuery': {'version': 1, 'sha256Hash': '8f3628981255345ca5e5453dfd844efffb01d6413a9931498836e6268692a30c'}}, 'variables': {'channelLogin': 'streamer-username08'}}, Status code: 200, Content: {"data":{"requestInfo":{"countryCode":"PL","__typename":"RequestInfo"},"user":null},"extensions":{"durationMilliseconds":20,"operationName":"ReportMenuItem","requestID":"01K13SJ8KMRFVE7XB58Z6K748S"}}
26/07/25 18:37:54 - INFO - TwitchChannelPointsMiner.TwitchChannelPointsMiner - [run]: Streamer streamer-username08 does not exist
26/07/25 18:37:54 - DEBUG - urllib3.connectionpool - [_new_conn]: Starting new HTTPS connection (1): www.twitch.tv:443
26/07/25 18:37:54 - DEBUG - urllib3.connectionpool - [_make_request]: https://www.twitch.tv:443 "GET / HTTP/1.1" 200 None
26/07/25 18:37:54 - DEBUG - TwitchChannelPointsMiner.classes.Twitch - [update_client_version]: Client version: b0fce3a1-8fe7-42d1-92f3-54b235e1772f
26/07/25 18:37:54 - DEBUG - urllib3.connectionpool - [_new_conn]: Starting new HTTPS connection (1): gql.twitch.tv:443
26/07/25 18:37:55 - DEBUG - urllib3.connectionpool - [_make_request]: https://gql.twitch.tv:443 "POST /gql HTTP/1.1" 200 199
26/07/25 18:37:55 - DEBUG - TwitchChannelPointsMiner.classes.Twitch - [post_gql_request]: Data: {'operationName': 'ReportMenuItem', 'extensions': {'persistedQuery': {'version': 1, 'sha256Hash': '8f3628981255345ca5e5453dfd844efffb01d6413a9931498836e6268692a30c'}}, 'variables': {'channelLogin': 'streamer-username09'}}, Status code: 200, Content: {"data":{"requestInfo":{"countryCode":"PL","__typename":"RequestInfo"},"user":null},"extensions":{"durationMilliseconds":22,"operationName":"ReportMenuItem","requestID":"01K13SJ9CPTDVR3DGT11F59VJK"}}
26/07/25 18:37:55 - INFO - TwitchChannelPointsMiner.TwitchChannelPointsMiner - [run]: Streamer streamer-username09 does not exist
26/07/25 18:37:55 - DEBUG - urllib3.connectionpool - [_new_conn]: Starting new HTTPS connection (1): www.twitch.tv:443
26/07/25 18:37:55 - DEBUG - urllib3.connectionpool - [_make_request]: https://www.twitch.tv:443 "GET / HTTP/1.1" 200 None
26/07/25 18:37:55 - DEBUG - TwitchChannelPointsMiner.classes.Twitch - [update_client_version]: Client version: b0fce3a1-8fe7-42d1-92f3-54b235e1772f
26/07/25 18:37:55 - DEBUG - urllib3.connectionpool - [_new_conn]: Starting new HTTPS connection (1): gql.twitch.tv:443
